<?xml version="1.0" encoding="UTF-8"?>
<!-- Generated by org.testng.reporters.JUnitReportReporter -->
<testsuite skipped="0" hostname="Tarang" name="test.LoginTest" tests="1" failures="0" timestamp="2023-05-21T00:32:59 CDT" time="4.645" errors="0">
  <testcase name="validUserShouldBeAbleToLogin" time="4.645" classname="test.LoginTest"/>
  <system-out/>
</testsuite> <!-- test.LoginTest -->
